<?xml version="1.0" encoding="UTF-8"?>
<!-- Generated by org.testng.reporters.JUnitReportReporter -->
<testsuite skipped="0" hostname="DESKTOP-JC2HQ9T" name="com.test.LoginTest" tests="6" failures="0" timestamp="19 Mar 2020 11:02:54 GMT" time="64.584" errors="0">
  <testcase name="AddVariants" time="9.369" classname="com.test.LoginTest"/>
  <testcase name="AddVariants" time="14.118" classname="com.test.LoginTest"/>
  <testcase name="AddVariants" time="8.906" classname="com.test.LoginTest"/>
  <testcase name="AddVariants" time="9.498" classname="com.test.LoginTest"/>
  <testcase name="checkErrorMessageForEmail" time="10.104" classname="com.test.LoginTest"/>
  <testcase name="checkErrorMessageForPassword" time="12.589" classname="com.test.LoginTest"/>
</testsuite> <!-- com.test.LoginTest -->
